<?xml version="1.0" encoding="UTF-8"?>
<testsuite xmlns:xsi="http://www.w3.org/2001/XMLSchema-instance" xsi:noNamespaceSchemaLocation="https://maven.apache.org/surefire/maven-surefire-plugin/xsd/surefire-test-report-3.0.xsd" version="3.0" name="io.github.todolist.core.TodoServiceTest" time="0.002" tests="1" errors="0" skipped="0" failures="0">
  <properties>
    <property name="java.specification.version" value="21"/>
    <property name="sun.jnu.encoding" value="UTF-8"/>
    <property name="java.class.path" value="/Users/didikachmadi/Documents/BitbucketCloudApp/java-goof/todolist-goof/todolist-core/target/test-classes:/Users/didikachmadi/Documents/BitbucketCloudApp/java-goof/todolist-goof/todolist-core/target/classes:/Users/didikachmadi/.m2/repository/org/springframework/spring-context/3.2.6.RELEASE/spring-context-3.2.6.RELEASE.jar:/Users/didikachmadi/.m2/repository/org/springframework/spring-aop/3.2.6.RELEASE/spring-aop-3.2.6.RELEASE.jar:/Users/didikachmadi/.m2/repository/org/springframework/spring-beans/3.2.6.RELEASE/spring-beans-3.2.6.RELEASE.jar:/Users/didikachmadi/.m2/repository/org/springframework/spring-core/3.2.6.RELEASE/spring-core-3.2.6.RELEASE.jar:/Users/didikachmadi/.m2/repository/commons-logging/commons-logging/1.1.1/commons-logging-1.1.1.jar:/Users/didikachmadi/.m2/repository/org/springframework/spring-expression/3.2.6.RELEASE/spring-expression-3.2.6.RELEASE.jar:/Users/didikachmadi/.m2/repository/org/springframework/spring-orm/3.2.6.RELEASE/spring-orm-3.2.6.RELEASE.jar:/Users/didikachmadi/.m2/repository/aopalliance/aopalliance/1.0/aopalliance-1.0.jar:/Users/didikachmadi/.m2/repository/org/springframework/spring-jdbc/3.2.6.RELEASE/spring-jdbc-3.2.6.RELEASE.jar:/Users/didikachmadi/.m2/repository/org/springframework/spring-tx/3.2.6.RELEASE/spring-tx-3.2.6.RELEASE.jar:/Users/didikachmadi/.m2/repository/org/springframework/spring-aspects/3.2.6.RELEASE/spring-aspects-3.2.6.RELEASE.jar:/Users/didikachmadi/.m2/repository/org/springframework/spring-context-support/3.2.6.RELEASE/spring-context-support-3.2.6.RELEASE.jar:/Users/didikachmadi/.m2/repository/cglib/cglib/2.2.2/cglib-2.2.2.jar:/Users/didikachmadi/.m2/repository/asm/asm/3.3.1/asm-3.3.1.jar:/Users/didikachmadi/.m2/repository/org/aspectj/aspectjweaver/1.8.2/aspectjweaver-1.8.2.jar:/Users/didikachmadi/.m2/repository/c3p0/c3p0/0.9.1.2/c3p0-0.9.1.2.jar:/Users/didikachmadi/.m2/repository/org/hsqldb/hsqldb/2.3.2/hsqldb-2.3.2.jar:/Users/didikachmadi/.m2/repository/org/hibernate/hibernate-core/4.3.7.Final/hibernate-core-4.3.7.Final.jar:/Users/didikachmadi/.m2/repository/org/jboss/logging/jboss-logging/3.1.3.GA/jboss-logging-3.1.3.GA.jar:/Users/didikachmadi/.m2/repository/org/jboss/logging/jboss-logging-annotations/1.2.0.Beta1/jboss-logging-annotations-1.2.0.Beta1.jar:/Users/didikachmadi/.m2/repository/org/jboss/spec/javax/transaction/jboss-transaction-api_1.2_spec/1.0.0.Final/jboss-transaction-api_1.2_spec-1.0.0.Final.jar:/Users/didikachmadi/.m2/repository/dom4j/dom4j/1.6.1/dom4j-1.6.1.jar:/Users/didikachmadi/.m2/repository/xml-apis/xml-apis/1.0.b2/xml-apis-1.0.b2.jar:/Users/didikachmadi/.m2/repository/org/hibernate/common/hibernate-commons-annotations/4.0.5.Final/hibernate-commons-annotations-4.0.5.Final.jar:/Users/didikachmadi/.m2/repository/org/hibernate/javax/persistence/hibernate-jpa-2.1-api/1.0.0.Final/hibernate-jpa-2.1-api-1.0.0.Final.jar:/Users/didikachmadi/.m2/repository/org/javassist/javassist/3.18.1-GA/javassist-3.18.1-GA.jar:/Users/didikachmadi/.m2/repository/antlr/antlr/2.7.7/antlr-2.7.7.jar:/Users/didikachmadi/.m2/repository/org/jboss/jandex/1.1.0.Final/jandex-1.1.0.Final.jar:/Users/didikachmadi/.m2/repository/org/hibernate/hibernate-entitymanager/4.3.7.Final/hibernate-entitymanager-4.3.7.Final.jar:/Users/didikachmadi/.m2/repository/org/hibernate/javax/persistence/hibernate-jpa-2.0-api/1.0.1.Final/hibernate-jpa-2.0-api-1.0.1.Final.jar:/Users/didikachmadi/.m2/repository/commons-collections/commons-collections/3.2.2/commons-collections-3.2.2.jar:/Users/didikachmadi/.m2/repository/junit/junit/4.12/junit-4.12.jar:/Users/didikachmadi/.m2/repository/org/hamcrest/hamcrest-core/1.3/hamcrest-core-1.3.jar:/Users/didikachmadi/.m2/repository/org/springframework/spring-test/3.2.6.RELEASE/spring-test-3.2.6.RELEASE.jar:/Users/didikachmadi/.m2/repository/javax/xml/bind/jaxb-api/2.3.0/jaxb-api-2.3.0.jar:/Users/didikachmadi/.m2/repository/com/sun/xml/bind/jaxb-core/2.3.0/jaxb-core-2.3.0.jar:/Users/didikachmadi/.m2/repository/com/sun/xml/bind/jaxb-impl/2.3.0/jaxb-impl-2.3.0.jar:"/>
    <property name="java.vm.vendor" value="Homebrew"/>
    <property name="sun.arch.data.model" value="64"/>
    <property name="java.vendor.url" value="https://github.com/Homebrew/homebrew-core/issues"/>
    <property name="user.timezone" value="Asia/Singapore"/>
    <property name="os.name" value="Mac OS X"/>
    <property name="java.vm.specification.version" value="21"/>
    <property name="sun.java.launcher" value="SUN_STANDARD"/>
    <property name="user.country" value="SG"/>
    <property name="sun.boot.library.path" value="/opt/homebrew/Cellar/openjdk/21.0.2/libexec/openjdk.jdk/Contents/Home/lib"/>
    <property name="sun.java.command" value="/Users/didikachmadi/Documents/BitbucketCloudApp/java-goof/todolist-goof/todolist-core/target/surefire/surefirebooter-20240403112033575_3.jar /Users/didikachmadi/Documents/BitbucketCloudApp/java-goof/todolist-goof/todolist-core/target/surefire 2024-04-03T11-20-33_359-jvmRun1 surefire-20240403112033575_1tmp surefire_0-20240403112033575_2tmp"/>
    <property name="jdk.debug" value="release"/>
    <property name="surefire.test.class.path" value="/Users/didikachmadi/Documents/BitbucketCloudApp/java-goof/todolist-goof/todolist-core/target/test-classes:/Users/didikachmadi/Documents/BitbucketCloudApp/java-goof/todolist-goof/todolist-core/target/classes:/Users/didikachmadi/.m2/repository/org/springframework/spring-context/3.2.6.RELEASE/spring-context-3.2.6.RELEASE.jar:/Users/didikachmadi/.m2/repository/org/springframework/spring-aop/3.2.6.RELEASE/spring-aop-3.2.6.RELEASE.jar:/Users/didikachmadi/.m2/repository/org/springframework/spring-beans/3.2.6.RELEASE/spring-beans-3.2.6.RELEASE.jar:/Users/didikachmadi/.m2/repository/org/springframework/spring-core/3.2.6.RELEASE/spring-core-3.2.6.RELEASE.jar:/Users/didikachmadi/.m2/repository/commons-logging/commons-logging/1.1.1/commons-logging-1.1.1.jar:/Users/didikachmadi/.m2/repository/org/springframework/spring-expression/3.2.6.RELEASE/spring-expression-3.2.6.RELEASE.jar:/Users/didikachmadi/.m2/repository/org/springframework/spring-orm/3.2.6.RELEASE/spring-orm-3.2.6.RELEASE.jar:/Users/didikachmadi/.m2/repository/aopalliance/aopalliance/1.0/aopalliance-1.0.jar:/Users/didikachmadi/.m2/repository/org/springframework/spring-jdbc/3.2.6.RELEASE/spring-jdbc-3.2.6.RELEASE.jar:/Users/didikachmadi/.m2/repository/org/springframework/spring-tx/3.2.6.RELEASE/spring-tx-3.2.6.RELEASE.jar:/Users/didikachmadi/.m2/repository/org/springframework/spring-aspects/3.2.6.RELEASE/spring-aspects-3.2.6.RELEASE.jar:/Users/didikachmadi/.m2/repository/org/springframework/spring-context-support/3.2.6.RELEASE/spring-context-support-3.2.6.RELEASE.jar:/Users/didikachmadi/.m2/repository/cglib/cglib/2.2.2/cglib-2.2.2.jar:/Users/didikachmadi/.m2/repository/asm/asm/3.3.1/asm-3.3.1.jar:/Users/didikachmadi/.m2/repository/org/aspectj/aspectjweaver/1.8.2/aspectjweaver-1.8.2.jar:/Users/didikachmadi/.m2/repository/c3p0/c3p0/0.9.1.2/c3p0-0.9.1.2.jar:/Users/didikachmadi/.m2/repository/org/hsqldb/hsqldb/2.3.2/hsqldb-2.3.2.jar:/Users/didikachmadi/.m2/repository/org/hibernate/hibernate-core/4.3.7.Final/hibernate-core-4.3.7.Final.jar:/Users/didikachmadi/.m2/repository/org/jboss/logging/jboss-logging/3.1.3.GA/jboss-logging-3.1.3.GA.jar:/Users/didikachmadi/.m2/repository/org/jboss/logging/jboss-logging-annotations/1.2.0.Beta1/jboss-logging-annotations-1.2.0.Beta1.jar:/Users/didikachmadi/.m2/repository/org/jboss/spec/javax/transaction/jboss-transaction-api_1.2_spec/1.0.0.Final/jboss-transaction-api_1.2_spec-1.0.0.Final.jar:/Users/didikachmadi/.m2/repository/dom4j/dom4j/1.6.1/dom4j-1.6.1.jar:/Users/didikachmadi/.m2/repository/xml-apis/xml-apis/1.0.b2/xml-apis-1.0.b2.jar:/Users/didikachmadi/.m2/repository/org/hibernate/common/hibernate-commons-annotations/4.0.5.Final/hibernate-commons-annotations-4.0.5.Final.jar:/Users/didikachmadi/.m2/repository/org/hibernate/javax/persistence/hibernate-jpa-2.1-api/1.0.0.Final/hibernate-jpa-2.1-api-1.0.0.Final.jar:/Users/didikachmadi/.m2/repository/org/javassist/javassist/3.18.1-GA/javassist-3.18.1-GA.jar:/Users/didikachmadi/.m2/repository/antlr/antlr/2.7.7/antlr-2.7.7.jar:/Users/didikachmadi/.m2/repository/org/jboss/jandex/1.1.0.Final/jandex-1.1.0.Final.jar:/Users/didikachmadi/.m2/repository/org/hibernate/hibernate-entitymanager/4.3.7.Final/hibernate-entitymanager-4.3.7.Final.jar:/Users/didikachmadi/.m2/repository/org/hibernate/javax/persistence/hibernate-jpa-2.0-api/1.0.1.Final/hibernate-jpa-2.0-api-1.0.1.Final.jar:/Users/didikachmadi/.m2/repository/commons-collections/commons-collections/3.2.2/commons-collections-3.2.2.jar:/Users/didikachmadi/.m2/repository/junit/junit/4.12/junit-4.12.jar:/Users/didikachmadi/.m2/repository/org/hamcrest/hamcrest-core/1.3/hamcrest-core-1.3.jar:/Users/didikachmadi/.m2/repository/org/springframework/spring-test/3.2.6.RELEASE/spring-test-3.2.6.RELEASE.jar:/Users/didikachmadi/.m2/repository/javax/xml/bind/jaxb-api/2.3.0/jaxb-api-2.3.0.jar:/Users/didikachmadi/.m2/repository/com/sun/xml/bind/jaxb-core/2.3.0/jaxb-core-2.3.0.jar:/Users/didikachmadi/.m2/repository/com/sun/xml/bind/jaxb-impl/2.3.0/jaxb-impl-2.3.0.jar:"/>
    <property name="sun.cpu.endian" value="little"/>
    <property name="user.home" value="/Users/didikachmadi"/>
    <property name="user.language" value="en"/>
    <property name="java.specification.vendor" value="Oracle Corporation"/>
    <property name="java.version.date" value="2024-01-16"/>
    <property name="java.home" value="/opt/homebrew/Cellar/openjdk/21.0.2/libexec/openjdk.jdk/Contents/Home"/>
    <property name="file.separator" value="/"/>
    <property name="basedir" value="/Users/didikachmadi/Documents/BitbucketCloudApp/java-goof/todolist-goof/todolist-core"/>
    <property name="java.vm.compressedOopsMode" value="Zero based"/>
    <property name="line.separator" value="&#10;"/>
    <property name="java.specification.name" value="Java Platform API Specification"/>
    <property name="java.vm.specification.vendor" value="Oracle Corporation"/>
    <property name="apple.awt.application.name" value="ForkedBooter"/>
    <property name="surefire.real.class.path" value="/Users/didikachmadi/Documents/BitbucketCloudApp/java-goof/todolist-goof/todolist-core/target/surefire/surefirebooter-20240403112033575_3.jar"/>
    <property name="sun.management.compiler" value="HotSpot 64-Bit Tiered Compilers"/>
    <property name="java.runtime.version" value="21.0.2"/>
    <property name="user.name" value="didikachmadi"/>
    <property name="stdout.encoding" value="UTF-8"/>
    <property name="path.separator" value=":"/>
    <property name="os.version" value="14.4"/>
    <property name="java.runtime.name" value="OpenJDK Runtime Environment"/>
    <property name="file.encoding" value="UTF-8"/>
    <property name="java.vm.name" value="OpenJDK 64-Bit Server VM"/>
    <property name="java.vendor.version" value="Homebrew"/>
    <property name="localRepository" value="/Users/didikachmadi/.m2/repository"/>
    <property name="java.vendor.url.bug" value="https://github.com/Homebrew/homebrew-core/issues"/>
    <property name="java.io.tmpdir" value="/var/folders/q8/zk9m87_9049_jlvn017kt5nw0000gn/T/"/>
    <property name="java.version" value="21.0.2"/>
    <property name="user.dir" value="/Users/didikachmadi/Documents/BitbucketCloudApp/java-goof/todolist-goof/todolist-core"/>
    <property name="os.arch" value="aarch64"/>
    <property name="java.vm.specification.name" value="Java Virtual Machine Specification"/>
    <property name="jboss.i18n.generate-proxies" value="true"/>
    <property name="native.encoding" value="UTF-8"/>
    <property name="java.library.path" value="/Users/didikachmadi/Library/Java/Extensions:/Library/Java/Extensions:/Network/Library/Java/Extensions:/System/Library/Java/Extensions:/usr/lib/java:."/>
    <property name="java.vm.info" value="mixed mode, sharing"/>
    <property name="stderr.encoding" value="UTF-8"/>
    <property name="java.vendor" value="Homebrew"/>
    <property name="java.vm.version" value="21.0.2"/>
    <property name="sun.io.unicode.encoding" value="UnicodeBig"/>
    <property name="java.class.version" value="65.0"/>
  </properties>
  <testcase name="testGetTodoById" classname="io.github.todolist.core.TodoServiceTest" time="0.0"/>
</testsuite>